<?xml version="1.0" encoding="UTF-8"?>
<testsuite name="helloworld_tests.HelloWorldTest-20211216125832" tests="1" file="helloworld_tests.py" time="0.002" timestamp="2021-12-16T12:58:33" failures="0" errors="0" skipped="0">
	<testcase classname="helloworld_tests.HelloWorldTest" name="test_should_issue_hello_world_message" time="0.002" timestamp="2021-12-16T12:58:33"/>
</testsuite>
