<?xml version="1.0" encoding="UTF-8"?>
<testsuite name="myproject_tests.Test-20211216171232" tests="1" file="myproject_tests.py" time="0.019" timestamp="2021-12-16T17:12:33" failures="0" errors="0" skipped="0">
	<testcase classname="myproject_tests.Test" name="test_should_write_hello_world" time="0.019" timestamp="2021-12-16T17:12:33"/>
</testsuite>
